---------------------------------------
Begin Slurm Prolog: Apr-13-2024 23:59:57
Job ID:    1432127
User ID:   zbuchholz3
Account:   hive-rvuduc3
Job name:  Broadcast2C
Partition: hive
---------------------------------------
Started on atl1-1-01-015-19-1.pace.gatech.edu
make: Nothing to be done for `all'.
Max send is 2**30
Max send is 2**30
---------------------------------------
Begin Slurm Epilog: Apr-14-2024 00:08:24
Job ID:        1432127
Array Job ID:  _4294967294
User ID:       zbuchholz3
Account:       hive-rvuduc3
Job name:      Broadcast2C
Resources:     cpu=2,mem=182808M,node=1
Rsrc Used:     cput=00:16:54,vmem=4700K,walltime=00:08:27,mem=4684K,energy_used=0
Partition:     hive
Nodes:         atl1-1-01-015-19-1
---------------------------------------
