---------------------------------------
Begin Slurm Prolog: Apr-14-2024 00:01:06
Job ID:    1432134
User ID:   zbuchholz3
Account:   hive-rvuduc3
Job name:  Broadcast24C
Partition: hive
---------------------------------------
Started on atl1-1-01-013-6-1.pace.gatech.edu
make: Nothing to be done for `all'.
Max send is 2**30
Max send is 2**30
Max send is 2**30
Max send is 2**30
Max send is 2**30
Max send is 2**30
Max send is 2**30
Max send is 2**30
Max send is 2**30
Max send is 2**30
Max send is 2**30
Max send is 2**30
Max send is 2**30
Max send is 2**30
Max send is 2**30
Max send is 2**30
Max send is 2**30
Max send is 2**30
Max send is 2**30
Max send is 2**30
Max send is 2**30
Max send is 2**30
Max send is 2**30
Max send is 2**30
---------------------------------------
Begin Slurm Epilog: Apr-14-2024 00:30:27
Job ID:        1432134
Array Job ID:  _4294967294
User ID:       zbuchholz3
Account:       hive-rvuduc3
Job name:      Broadcast24C
Resources:     cpu=24,mem=365616M,node=2
Rsrc Used:     cput=11:44:24,vmem=4800K,walltime=00:29:21,mem=4784K,energy_used=0
Partition:     hive
Nodes:         atl1-1-01-013-6-[1-2]
---------------------------------------
