---------------------------------------
Begin Slurm Prolog: Apr-14-2024 00:00:59
Job ID:    1432133
User ID:   zbuchholz3
Account:   hive-rvuduc3
Job name:  Broadcast16C
Partition: hive
---------------------------------------
Started on atl1-1-01-013-5-1.pace.gatech.edu
make: Nothing to be done for `all'.
Max send is 2**30
Max send is 2**30
Max send is 2**30
Max send is 2**30
Max send is 2**30
Max send is 2**30
Max send is 2**30
Max send is 2**30
Max send is 2**30
Max send is 2**30
Max send is 2**30
Max send is 2**30
Max send is 2**30
Max send is 2**30
Max send is 2**30
Max send is 2**30
---------------------------------------
Begin Slurm Epilog: Apr-14-2024 00:27:19
Job ID:        1432133
Array Job ID:  _4294967294
User ID:       zbuchholz3
Account:       hive-rvuduc3
Job name:      Broadcast16C
Resources:     cpu=16,mem=365616M,node=2
Rsrc Used:     cput=07:01:04,vmem=4800K,walltime=00:26:19,mem=4784K,energy_used=0
Partition:     hive
Nodes:         atl1-1-01-013-5-[1-2]
---------------------------------------
