---------------------------------------
Begin Slurm Prolog: Apr-14-2024 00:00:59
Job ID:    1432132
User ID:   zbuchholz3
Account:   hive-rvuduc3
Job name:  Broadcast12C
Partition: hive
---------------------------------------
Started on atl1-1-01-013-4-2.pace.gatech.edu
make: Nothing to be done for `all'.
Max send is 2**30
Max send is 2**30
Max send is 2**30
Max send is 2**30
Max send is 2**30
Max send is 2**30
Max send is 2**30
Max send is 2**30
Max send is 2**30
Max send is 2**30
Max send is 2**30
Max send is 2**30
---------------------------------------
Begin Slurm Epilog: Apr-14-2024 00:15:32
Job ID:        1432132
Array Job ID:  _4294967294
User ID:       zbuchholz3
Account:       hive-rvuduc3
Job name:      Broadcast12C
Resources:     cpu=12,mem=182808M,node=1
Rsrc Used:     cput=02:54:48,vmem=4884K,walltime=00:14:34,mem=4688K,energy_used=0
Partition:     hive
Nodes:         atl1-1-01-013-4-2
---------------------------------------
