---------------------------------------
Begin Slurm Prolog: Apr-14-2024 00:00:19
Job ID:    1432128
User ID:   zbuchholz3
Account:   hive-rvuduc3
Job name:  Broadcast4C
Partition: hive
---------------------------------------
Started on atl1-1-01-015-19-2.pace.gatech.edu
make: Nothing to be done for `all'.
Max send is 2**30
Max send is 2**30
Max send is 2**30
Max send is 2**30
---------------------------------------
Begin Slurm Epilog: Apr-14-2024 00:08:53
Job ID:        1432128
Array Job ID:  _4294967294
User ID:       zbuchholz3
Account:       hive-rvuduc3
Job name:      Broadcast4C
Resources:     cpu=4,mem=182808M,node=1
Rsrc Used:     cput=00:34:16,vmem=4700K,walltime=00:08:34,mem=4684K,energy_used=0
Partition:     hive
Nodes:         atl1-1-01-015-19-2
---------------------------------------
