---------------------------------------
Begin Slurm Prolog: Apr-14-2024 00:00:19
Job ID:    1432129
User ID:   zbuchholz3
Account:   hive-rvuduc3
Job name:  Broadcast6C
Partition: hive
---------------------------------------
Started on atl1-1-01-015-20-1.pace.gatech.edu
make: Nothing to be done for `all'.
Max send is 2**30
Max send is 2**30
Max send is 2**30
Max send is 2**30
Max send is 2**30
Max send is 2**30
---------------------------------------
Begin Slurm Epilog: Apr-14-2024 00:09:22
Job ID:        1432129
Array Job ID:  _4294967294
User ID:       zbuchholz3
Account:       hive-rvuduc3
Job name:      Broadcast6C
Resources:     cpu=6,mem=182808M,node=1
Rsrc Used:     cput=00:54:18,vmem=4704K,walltime=00:09:03,mem=4688K,energy_used=0
Partition:     hive
Nodes:         atl1-1-01-015-20-1
---------------------------------------
