---------------------------------------
Begin Slurm Prolog: Apr-13-2024 23:53:26
Job ID:    1432126
User ID:   zbuchholz3
Account:   hive-rvuduc3
Job name:  PingPongC
Partition: hive
---------------------------------------
Started on atl1-1-01-015-18-2.pace.gatech.edu
/usr/local/pace-apps/spack/packages/linux-rhel7-x86_64/gcc-10.3.0/mvapich2-2.3.6-ouywalrqjnakjlhjxgunwqssb3iongrc/bin/mpicc -pedantic -o gemm1d gemm1d.c
/usr/local/pace-apps/spack/packages/linux-rhel7-x86_64/gcc-10.3.0/mvapich2-2.3.6-ouywalrqjnakjlhjxgunwqssb3iongrc/bin/mpicc -pedantic -o pingpong pingpong.c
/usr/local/pace-apps/spack/packages/linux-rhel7-x86_64/gcc-10.3.0/mvapich2-2.3.6-ouywalrqjnakjlhjxgunwqssb3iongrc/bin/mpicc -pedantic -o broadcastbenchmark broadcast_benchmark.c
Max send is 2**30
max: 1073741824, curr: 1024
max: 1073741824, curr: 2048
max: 1073741824, curr: 4096
max: 1073741824, curr: 8192
max: 1073741824, curr: 16384
max: 1073741824, curr: 32768
max: 1073741824, curr: 65536
max: 1073741824, curr: 131072
max: 1073741824, curr: 262144
max: 1073741824, curr: 524288
max: 1073741824, curr: 1048576
max: 1073741824, curr: 2097152
max: 1073741824, curr: 4194304
max: 1073741824, curr: 8388608
max: 1073741824, curr: 16777216
max: 1073741824, curr: 33554432
max: 1073741824, curr: 67108864
max: 1073741824, curr: 134217728
max: 1073741824, curr: 268435456
max: 1073741824, curr: 536870912
max: 1073741824, curr: 1073741824
Max send is 2**30
max: 1073741824, curr: 1024
max: 1073741824, curr: 2048
max: 1073741824, curr: 4096
max: 1073741824, curr: 8192
max: 1073741824, curr: 16384
max: 1073741824, curr: 32768
max: 1073741824, curr: 65536
max: 1073741824, curr: 131072
max: 1073741824, curr: 262144
max: 1073741824, curr: 524288
max: 1073741824, curr: 1048576
max: 1073741824, curr: 2097152
max: 1073741824, curr: 4194304
max: 1073741824, curr: 8388608
max: 1073741824, curr: 16777216
max: 1073741824, curr: 33554432
max: 1073741824, curr: 67108864
max: 1073741824, curr: 134217728
max: 1073741824, curr: 268435456
max: 1073741824, curr: 536870912
max: 1073741824, curr: 1073741824
---------------------------------------
Begin Slurm Epilog: Apr-14-2024 00:10:33
Job ID:        1432126
Array Job ID:  _4294967294
User ID:       zbuchholz3
Account:       hive-rvuduc3
Job name:      PingPongC
Resources:     cpu=2,mem=182808M,node=1
Rsrc Used:     cput=00:34:14,vmem=14664K,walltime=00:17:07,mem=4684K,energy_used=0
Partition:     hive
Nodes:         atl1-1-01-015-18-2
---------------------------------------
